-------------------------------------------------------------------------------
Test set: com.fernando.apps.helpdeskng.users.boundary.UsersServiceTest
-------------------------------------------------------------------------------
Tests run: 1, Failures: 0, Errors: 1, Skipped: 0, Time elapsed: 2.656 s <<< FAILURE! - in com.fernando.apps.helpdeskng.users.boundary.UsersServiceTest
com.fernando.apps.helpdeskng.users.boundary.UsersServiceTest  Time elapsed: 2.651 s  <<< ERROR!
java.lang.RuntimeException: Could not create new instance of class org.jboss.arquillian.test.impl.EventTestRunnerAdaptor
Caused by: java.lang.reflect.InvocationTargetException
Caused by: java.lang.IllegalArgumentException: No container or group found that match given qualifier: glassfish-embedded

